Arguments: 
  C:\Program Files\nodejs\node.exe C:\Users\Lenovo\AppData\Roaming\npm\node_modules\yarn\bin\yarn.js remove gulp-scss

PATH: 
  C:\Windows\system32;C:\Windows;C:\Windows\System32\Wbem;C:\Windows\System32\WindowsPowerShell\v1.0\;C:\Program Files\nodejs\;C:\Program Files\Git\cmd;C:\Users\Lenovo\AppData\Local\Microsoft\WindowsApps;;C:\Program Files\Microsoft VS Code\bin;C:\Users\Lenovo\AppData\Roaming\npm

Yarn version: 
  1.5.1

Node version: 
  8.11.0

Platform: 
  win32 x64

npm manifest: 
  {
    "name": "gulpconfig",
    "version": "1.0.0",
    "description": "",
    "main": "gulpfile.js",
    "scripts": {
      "test": "echo \"Error: no test specified\" && exit 1"
    },
    "author": "",
    "license": "ISC",
    "devDependencies": {
      "del": "^3.0.0",
      "gulp": "^3.9.1",
      "gulp-clean-css": "^3.9.4",
      "gulp-scss": "^1.4.0"
    }
  }

yarn manifest: 
  No manifest

Lockfile: 
  No lockfile

Trace: 
  Error: No lockfile in this directory. Run `yarn install` to generate one.
      at new MessageError (C:\Users\Lenovo\AppData\Roaming\npm\node_modules\yarn\lib\cli.js:186:110)
      at C:\Users\Lenovo\AppData\Roaming\npm\node_modules\yarn\lib\cli.js:89389:13
      at <anonymous>
